<?xml version="1.0" encoding="UTF-8"?>
<!-- Generated by org.testng.reporters.JUnitReportReporter -->
<testsuite hostname="DESKTOP-IP7TE20" failures="0" tests="1" name="testCases.TC_001_Verify_Logo" time="0.647" errors="0" timestamp="2024-11-24T18:09:53 IST" skipped="0">
  <testcase classname="testCases.TC_001_Verify_Logo" name="Verify_Logo" time="0.647"/>
  <system-out/>
</testsuite> <!-- testCases.TC_001_Verify_Logo -->
