<?xml version="1.0" encoding="UTF-8"?>
<!-- Generated by org.testng.reporters.JUnitReportReporter -->
<testsuite hostname="DESKTOP-IP7TE20" failures="0" tests="1" name="testCases.TC_002_Registration_of_new_user" time="18.394" errors="0" timestamp="2024-11-24T18:09:53 IST" skipped="0">
  <testcase classname="testCases.TC_002_Registration_of_new_user" name="Registration_of_new_user" time="18.394"/>
  <system-out/>
</testsuite> <!-- testCases.TC_002_Registration_of_new_user -->
