<?xml version="1.0" encoding="UTF-8"?>
<!-- Generated by org.testng.reporters.JUnitReportReporter -->
<testsuite hostname="DESKTOP-IP7TE20" failures="0" tests="1" name="testCases.TC_006_Verify_account_balance_display_after_login" time="4.723" errors="0" timestamp="2024-11-16T19:28:22 IST" skipped="0">
  <testcase classname="testCases.TC_006_Verify_account_balance_display_after_login" name="Verify_account_balance_display_after_login" time="4.723"/>
  <system-out/>
</testsuite> <!-- testCases.TC_006_Verify_account_balance_display_after_login -->
