<?xml version="1.0" encoding="UTF-8"?>
<!-- Generated by org.testng.reporters.JUnitReportReporter -->
<testsuite hostname="DESKTOP-IP7TE20" failures="0" tests="1" name="testCases.TC_007_Verify_successful_logout" time="6.470" errors="0" timestamp="2024-11-16T19:28:22 IST" skipped="0">
  <testcase classname="testCases.TC_007_Verify_successful_logout" name="Verify_successful_logout" time="6.470"/>
  <system-out/>
</testsuite> <!-- testCases.TC_007_Verify_successful_logout -->
