<?xml version="1.0" encoding="UTF-8"?>
<!-- Generated by org.testng.reporters.JUnitReportReporter -->
<testsuite hostname="DESKTOP-IP7TE20" failures="0" tests="1" name="testCases.TC_003_User_login_with_valid_credentials" time="9.373" errors="0" timestamp="2025-03-17T23:32:54 IST" skipped="0">
  <testcase classname="testCases.TC_003_User_login_with_valid_credentials" name="User_login_with_valid_credentials" time="9.373"/>
</testsuite> <!-- testCases.TC_003_User_login_with_valid_credentials -->
