<?xml version="1.0" encoding="UTF-8"?>
<!-- Generated by org.testng.reporters.JUnitReportReporter -->
<testsuite hostname="DESKTOP-IP7TE20" failures="0" tests="1" name="testCases.TC_007_Verify_successful_logout" time="4.630" errors="0" timestamp="2025-03-17T23:32:54 IST" skipped="0">
  <testcase classname="testCases.TC_007_Verify_successful_logout" name="Verify_successful_logout" time="4.630"/>
</testsuite> <!-- testCases.TC_007_Verify_successful_logout -->
