<?xml version="1.0" encoding="UTF-8"?>
<!-- Generated by org.testng.reporters.JUnitReportReporter -->
<testsuite hostname="DESKTOP-IP7TE20" failures="0" tests="1" name="testCases.TC_006_Verify_account_balance_display_after_login" time="6.792" errors="0" timestamp="2024-11-18T20:38:45 IST" skipped="0">
  <testcase classname="testCases.TC_006_Verify_account_balance_display_after_login" name="Verify_account_balance_display_after_login" time="6.792"/>
</testsuite> <!-- testCases.TC_006_Verify_account_balance_display_after_login -->
