<?xml version="1.0" encoding="UTF-8"?>
<!-- Generated by org.testng.reporters.JUnitReportReporter -->
<testsuite hostname="DESKTOP-IP7TE20" failures="0" tests="1" name="testCases.TC_002_Registration_of_new_user" time="14.125" errors="0" timestamp="2025-03-17T23:32:54 IST" skipped="0">
  <testcase classname="testCases.TC_002_Registration_of_new_user" name="Registration_of_new_user" time="14.125"/>
</testsuite> <!-- testCases.TC_002_Registration_of_new_user -->
