<?xml version="1.0" encoding="UTF-8"?>
<!-- Generated by org.testng.reporters.JUnitReportReporter -->
<testsuite hostname="DESKTOP-IP7TE20" failures="0" tests="1" name="testCases.TC_002_Registration_of_new_user" time="18.953" errors="0" timestamp="2024-11-18T20:38:45 IST" skipped="0">
  <testcase classname="testCases.TC_002_Registration_of_new_user" name="Registration_of_new_user" time="18.953"/>
</testsuite> <!-- testCases.TC_002_Registration_of_new_user -->
