<?xml version="1.0" encoding="UTF-8"?>
<!-- Generated by org.testng.reporters.JUnitReportReporter -->
<testsuite hostname="DESKTOP-IP7TE20" failures="0" tests="1" name="testCases.TC_006_Verify_account_balance_display_after_login" time="4.031" errors="0" timestamp="2024-11-17T15:51:41 IST" skipped="0">
  <testcase classname="testCases.TC_006_Verify_account_balance_display_after_login" name="Verify_account_balance_display_after_login" time="4.031"/>
</testsuite> <!-- testCases.TC_006_Verify_account_balance_display_after_login -->
