<?xml version="1.0" encoding="UTF-8"?>
<!-- Generated by org.testng.reporters.JUnitReportReporter -->
<testsuite hostname="DESKTOP-IP7TE20" failures="0" tests="1" name="testCases.TC_001_Verify_Logo" time="9.791" errors="0" timestamp="2024-11-18T20:38:44 IST" skipped="0">
  <testcase classname="testCases.TC_001_Verify_Logo" name="Verify_Logo" time="9.791"/>
</testsuite> <!-- testCases.TC_001_Verify_Logo -->
