<?xml version="1.0" encoding="UTF-8"?>
<!-- Generated by org.testng.reporters.JUnitReportReporter -->
<testsuite hostname="DESKTOP-IP7TE20" failures="0" tests="1" name="testCases.TC_007_Verify_successful_logout" time="9.662" errors="0" timestamp="2024-11-18T20:38:44 IST" skipped="0">
  <testcase classname="testCases.TC_007_Verify_successful_logout" name="Verify_successful_logout" time="9.662"/>
</testsuite> <!-- testCases.TC_007_Verify_successful_logout -->
